[2022-05-11 12:10:08] 
            Текст ошибки: Страница не найдена | 
            Файл: C:\OpenServer2\domains\new-ishop.loc\vendor\wfm\Router.php| 
            Строка: 79
            
============================
[2022-05-11 12:10:08] 
            Текст ошибки: Страница не найдена | 
            Файл: C:\OpenServer2\domains\new-ishop.loc\vendor\wfm\Router.php| 
            Строка: 79
            
============================
[2022-05-11 12:10:08] 
            Текст ошибки: Страница не найдена | 
            Файл: C:\OpenServer2\domains\new-ishop.loc\vendor\wfm\Router.php| 
            Строка: 79
            
============================
[2022-05-11 12:10:08] 
            Текст ошибки: Страница не найдена | 
            Файл: C:\OpenServer2\domains\new-ishop.loc\vendor\wfm\Router.php| 
            Строка: 79
            
============================
[2022-05-11 12:10:08] 
            Текст ошибки: Страница не найдена | 
            Файл: C:\OpenServer2\domains\new-ishop.loc\vendor\wfm\Router.php| 
            Строка: 79
            
============================
[2022-05-11 12:10:11] 
            Текст ошибки: Страница не найдена | 
            Файл: C:\OpenServer2\domains\new-ishop.loc\vendor\wfm\Router.php| 
            Строка: 79
            
============================
[2022-05-11 12:10:11] 
            Текст ошибки: Страница не найдена | 
            Файл: C:\OpenServer2\domains\new-ishop.loc\vendor\wfm\Router.php| 
            Строка: 79
            
============================
[2022-05-11 12:10:13] 
            Текст ошибки: Страница не найдена | 
            Файл: C:\OpenServer2\domains\new-ishop.loc\vendor\wfm\Router.php| 
            Строка: 79
            
============================
[2022-05-11 12:10:13] 
            Текст ошибки: Страница не найдена | 
            Файл: C:\OpenServer2\domains\new-ishop.loc\vendor\wfm\Router.php| 
            Строка: 79
            
============================
[2022-05-11 12:10:13] 
            Текст ошибки: Страница не найдена | 
            Файл: C:\OpenServer2\domains\new-ishop.loc\vendor\wfm\Router.php| 
            Строка: 79
            
============================
[2022-05-11 12:10:13] 
            Текст ошибки: Страница не найдена | 
            Файл: C:\OpenServer2\domains\new-ishop.loc\vendor\wfm\Router.php| 
            Строка: 79
            
============================
[2022-05-11 12:10:13] 
            Текст ошибки: Страница не найдена | 
            Файл: C:\OpenServer2\domains\new-ishop.loc\vendor\wfm\Router.php| 
            Строка: 79
            
============================
[2022-05-11 12:45:28] 
            Текст ошибки: Страница не найдена | 
            Файл: C:\OpenServer2\domains\new-ishop.loc\vendor\wfm\Router.php| 
            Строка: 79
            
============================
[2022-05-11 12:45:28] 
            Текст ошибки: Страница не найдена | 
            Файл: C:\OpenServer2\domains\new-ishop.loc\vendor\wfm\Router.php| 
            Строка: 79
            
============================
[2022-05-11 12:45:28] 
            Текст ошибки: Страница не найдена | 
            Файл: C:\OpenServer2\domains\new-ishop.loc\vendor\wfm\Router.php| 
            Строка: 79
            
============================
[2022-05-11 12:45:28] 
            Текст ошибки: Страница не найдена | 
            Файл: C:\OpenServer2\domains\new-ishop.loc\vendor\wfm\Router.php| 
            Строка: 79
            
============================
[2022-05-11 12:45:28] 
            Текст ошибки: Страница не найдена | 
            Файл: C:\OpenServer2\domains\new-ishop.loc\vendor\wfm\Router.php| 
            Строка: 79
            
============================
[2022-05-11 12:45:33] 
            Текст ошибки: Страница не найдена | 
            Файл: C:\OpenServer2\domains\new-ishop.loc\vendor\wfm\Router.php| 
            Строка: 79
            
============================
[2022-05-11 12:45:33] 
            Текст ошибки: Страница не найдена | 
            Файл: C:\OpenServer2\domains\new-ishop.loc\vendor\wfm\Router.php| 
            Строка: 79
            
============================
[2022-05-11 12:45:33] 
            Текст ошибки: Страница не найдена | 
            Файл: C:\OpenServer2\domains\new-ishop.loc\vendor\wfm\Router.php| 
            Строка: 79
            
============================
[2022-05-11 12:45:33] 
            Текст ошибки: Страница не найдена | 
            Файл: C:\OpenServer2\domains\new-ishop.loc\vendor\wfm\Router.php| 
            Строка: 79
            
============================
[2022-05-11 12:45:33] 
            Текст ошибки: Страница не найдена | 
            Файл: C:\OpenServer2\domains\new-ishop.loc\vendor\wfm\Router.php| 
            Строка: 79
            
============================
[2022-05-11 12:45:43] 
            Текст ошибки: Страница не найдена | 
            Файл: C:\OpenServer2\domains\new-ishop.loc\vendor\wfm\Router.php| 
            Строка: 79
            
============================
[2022-05-11 12:45:43] 
            Текст ошибки: Страница не найдена | 
            Файл: C:\OpenServer2\domains\new-ishop.loc\vendor\wfm\Router.php| 
            Строка: 79
            
============================
[2022-05-11 12:45:43] 
            Текст ошибки: Страница не найдена | 
            Файл: C:\OpenServer2\domains\new-ishop.loc\vendor\wfm\Router.php| 
            Строка: 79
            
============================
[2022-05-11 12:45:43] 
            Текст ошибки: Страница не найдена | 
            Файл: C:\OpenServer2\domains\new-ishop.loc\vendor\wfm\Router.php| 
            Строка: 79
            
============================
[2022-05-11 12:45:43] 
            Текст ошибки: Страница не найдена | 
            Файл: C:\OpenServer2\domains\new-ishop.loc\vendor\wfm\Router.php| 
            Строка: 79
            
============================
[2022-05-11 12:46:28] 
            Текст ошибки: Страница не найдена | 
            Файл: C:\OpenServer2\domains\new-ishop.loc\vendor\wfm\Router.php| 
            Строка: 79
            
============================
[2022-05-11 12:46:28] 
            Текст ошибки: Страница не найдена | 
            Файл: C:\OpenServer2\domains\new-ishop.loc\vendor\wfm\Router.php| 
            Строка: 79
            
============================
[2022-05-11 12:46:28] 
            Текст ошибки: Страница не найдена | 
            Файл: C:\OpenServer2\domains\new-ishop.loc\vendor\wfm\Router.php| 
            Строка: 79
            
============================
[2022-05-11 12:46:28] 
            Текст ошибки: Страница не найдена | 
            Файл: C:\OpenServer2\domains\new-ishop.loc\vendor\wfm\Router.php| 
            Строка: 79
            
============================
[2022-05-11 12:46:28] 
            Текст ошибки: Страница не найдена | 
            Файл: C:\OpenServer2\domains\new-ishop.loc\vendor\wfm\Router.php| 
            Строка: 79
            
============================
[2022-05-11 12:46:30] 
            Текст ошибки: Страница не найдена | 
            Файл: C:\OpenServer2\domains\new-ishop.loc\vendor\wfm\Router.php| 
            Строка: 79
            
============================
[2022-05-11 12:46:30] 
            Текст ошибки: Страница не найдена | 
            Файл: C:\OpenServer2\domains\new-ishop.loc\vendor\wfm\Router.php| 
            Строка: 79
            
============================
[2022-05-11 12:46:30] 
            Текст ошибки: Страница не найдена | 
            Файл: C:\OpenServer2\domains\new-ishop.loc\vendor\wfm\Router.php| 
            Строка: 79
            
============================
[2022-05-11 12:46:30] 
            Текст ошибки: Страница не найдена | 
            Файл: C:\OpenServer2\domains\new-ishop.loc\vendor\wfm\Router.php| 
            Строка: 79
            
============================
[2022-05-11 12:46:30] 
            Текст ошибки: Страница не найдена | 
            Файл: C:\OpenServer2\domains\new-ishop.loc\vendor\wfm\Router.php| 
            Строка: 79
            
============================
[2022-05-11 12:46:38] 
            Текст ошибки: Страница не найдена | 
            Файл: C:\OpenServer2\domains\new-ishop.loc\vendor\wfm\Router.php| 
            Строка: 79
            
============================
[2022-05-11 12:46:38] 
            Текст ошибки: Страница не найдена | 
            Файл: C:\OpenServer2\domains\new-ishop.loc\vendor\wfm\Router.php| 
            Строка: 79
            
============================
[2022-05-11 12:46:38] 
            Текст ошибки: Страница не найдена | 
            Файл: C:\OpenServer2\domains\new-ishop.loc\vendor\wfm\Router.php| 
            Строка: 79
            
============================
[2022-05-11 12:46:38] 
            Текст ошибки: Страница не найдена | 
            Файл: C:\OpenServer2\domains\new-ishop.loc\vendor\wfm\Router.php| 
            Строка: 79
            
============================
[2022-05-11 12:46:38] 
            Текст ошибки: Страница не найдена | 
            Файл: C:\OpenServer2\domains\new-ishop.loc\vendor\wfm\Router.php| 
            Строка: 79
            
============================
[2022-05-11 12:48:57] 
            Текст ошибки: Страница не найдена | 
            Файл: C:\OpenServer2\domains\new-ishop.loc\vendor\wfm\Router.php| 
            Строка: 79
            
============================
[2022-05-11 12:48:57] 
            Текст ошибки: Страница не найдена | 
            Файл: C:\OpenServer2\domains\new-ishop.loc\vendor\wfm\Router.php| 
            Строка: 79
            
============================
[2022-05-11 12:48:57] 
            Текст ошибки: Страница не найдена | 
            Файл: C:\OpenServer2\domains\new-ishop.loc\vendor\wfm\Router.php| 
            Строка: 79
            
============================
[2022-05-11 12:48:57] 
            Текст ошибки: Страница не найдена | 
            Файл: C:\OpenServer2\domains\new-ishop.loc\vendor\wfm\Router.php| 
            Строка: 79
            
============================
[2022-05-11 12:48:57] 
            Текст ошибки: Страница не найдена | 
            Файл: C:\OpenServer2\domains\new-ishop.loc\vendor\wfm\Router.php| 
            Строка: 79
            
============================
[2022-05-11 12:49:17] 
            Текст ошибки: Страница не найдена | 
            Файл: C:\OpenServer2\domains\new-ishop.loc\vendor\wfm\Router.php| 
            Строка: 79
            
============================
[2022-05-11 12:49:17] 
            Текст ошибки: Страница не найдена | 
            Файл: C:\OpenServer2\domains\new-ishop.loc\vendor\wfm\Router.php| 
            Строка: 79
            
============================
[2022-05-11 12:49:17] 
            Текст ошибки: Страница не найдена | 
            Файл: C:\OpenServer2\domains\new-ishop.loc\vendor\wfm\Router.php| 
            Строка: 79
            
============================
[2022-05-11 12:49:17] 
            Текст ошибки: Страница не найдена | 
            Файл: C:\OpenServer2\domains\new-ishop.loc\vendor\wfm\Router.php| 
            Строка: 79
            
============================
[2022-05-11 12:49:17] 
            Текст ошибки: Страница не найдена | 
            Файл: C:\OpenServer2\domains\new-ishop.loc\vendor\wfm\Router.php| 
            Строка: 79
            
============================
[2022-05-11 12:49:19] 
            Текст ошибки: Страница не найдена | 
            Файл: C:\OpenServer2\domains\new-ishop.loc\vendor\wfm\Router.php| 
            Строка: 79
            
============================
[2022-05-11 12:49:19] 
            Текст ошибки: Страница не найдена | 
            Файл: C:\OpenServer2\domains\new-ishop.loc\vendor\wfm\Router.php| 
            Строка: 79
            
============================
[2022-05-11 12:49:19] 
            Текст ошибки: Страница не найдена | 
            Файл: C:\OpenServer2\domains\new-ishop.loc\vendor\wfm\Router.php| 
            Строка: 79
            
============================
[2022-05-11 12:49:19] 
            Текст ошибки: Страница не найдена | 
            Файл: C:\OpenServer2\domains\new-ishop.loc\vendor\wfm\Router.php| 
            Строка: 79
            
============================
[2022-05-11 12:49:20] 
            Текст ошибки: Страница не найдена | 
            Файл: C:\OpenServer2\domains\new-ishop.loc\vendor\wfm\Router.php| 
            Строка: 79
            
============================
[2022-05-11 12:49:20] 
            Текст ошибки: Страница не найдена | 
            Файл: C:\OpenServer2\domains\new-ishop.loc\vendor\wfm\Router.php| 
            Строка: 79
            
============================
[2022-05-11 12:49:20] 
            Текст ошибки: Страница не найдена | 
            Файл: C:\OpenServer2\domains\new-ishop.loc\vendor\wfm\Router.php| 
            Строка: 79
            
============================
[2022-05-11 12:49:20] 
            Текст ошибки: Страница не найдена | 
            Файл: C:\OpenServer2\domains\new-ishop.loc\vendor\wfm\Router.php| 
            Строка: 79
            
============================
[2022-05-11 12:49:20] 
            Текст ошибки: Страница не найдена | 
            Файл: C:\OpenServer2\domains\new-ishop.loc\vendor\wfm\Router.php| 
            Строка: 79
            
============================
[2022-05-11 12:49:31] 
            Текст ошибки: Страница не найдена | 
            Файл: C:\OpenServer2\domains\new-ishop.loc\vendor\wfm\Router.php| 
            Строка: 79
            
============================
[2022-05-11 12:49:31] 
            Текст ошибки: Страница не найдена | 
            Файл: C:\OpenServer2\domains\new-ishop.loc\vendor\wfm\Router.php| 
            Строка: 79
            
============================
[2022-05-11 12:49:31] 
            Текст ошибки: Страница не найдена | 
            Файл: C:\OpenServer2\domains\new-ishop.loc\vendor\wfm\Router.php| 
            Строка: 79
            
============================
[2022-05-11 12:49:31] 
            Текст ошибки: Страница не найдена | 
            Файл: C:\OpenServer2\domains\new-ishop.loc\vendor\wfm\Router.php| 
            Строка: 79
            
============================
[2022-05-11 12:49:31] 
            Текст ошибки: Страница не найдена | 
            Файл: C:\OpenServer2\domains\new-ishop.loc\vendor\wfm\Router.php| 
            Строка: 79
            
============================
[2022-05-11 12:49:32] 
            Текст ошибки: Страница не найдена | 
            Файл: C:\OpenServer2\domains\new-ishop.loc\vendor\wfm\Router.php| 
            Строка: 79
            
============================
[2022-05-11 12:49:32] 
            Текст ошибки: Страница не найдена | 
            Файл: C:\OpenServer2\domains\new-ishop.loc\vendor\wfm\Router.php| 
            Строка: 79
            
============================
[2022-05-11 12:49:32] 
            Текст ошибки: Страница не найдена | 
            Файл: C:\OpenServer2\domains\new-ishop.loc\vendor\wfm\Router.php| 
            Строка: 79
            
============================
[2022-05-11 12:49:32] 
            Текст ошибки: Страница не найдена | 
            Файл: C:\OpenServer2\domains\new-ishop.loc\vendor\wfm\Router.php| 
            Строка: 79
            
============================
[2022-05-11 12:49:32] 
            Текст ошибки: Страница не найдена | 
            Файл: C:\OpenServer2\domains\new-ishop.loc\vendor\wfm\Router.php| 
            Строка: 79
            
============================
[2022-05-11 12:49:34] 
            Текст ошибки: Страница не найдена | 
            Файл: C:\OpenServer2\domains\new-ishop.loc\vendor\wfm\Router.php| 
            Строка: 79
            
============================
[2022-05-11 12:49:34] 
            Текст ошибки: Страница не найдена | 
            Файл: C:\OpenServer2\domains\new-ishop.loc\vendor\wfm\Router.php| 
            Строка: 79
            
============================
[2022-05-11 12:49:34] 
            Текст ошибки: Страница не найдена | 
            Файл: C:\OpenServer2\domains\new-ishop.loc\vendor\wfm\Router.php| 
            Строка: 79
            
============================
[2022-05-11 12:49:34] 
            Текст ошибки: Страница не найдена | 
            Файл: C:\OpenServer2\domains\new-ishop.loc\vendor\wfm\Router.php| 
            Строка: 79
            
============================
[2022-05-11 12:49:34] 
            Текст ошибки: Страница не найдена | 
            Файл: C:\OpenServer2\domains\new-ishop.loc\vendor\wfm\Router.php| 
            Строка: 79
            
============================
[2022-05-11 12:49:36] 
            Текст ошибки: Страница не найдена | 
            Файл: C:\OpenServer2\domains\new-ishop.loc\vendor\wfm\Router.php| 
            Строка: 79
            
============================
[2022-05-11 12:49:36] 
            Текст ошибки: Страница не найдена | 
            Файл: C:\OpenServer2\domains\new-ishop.loc\vendor\wfm\Router.php| 
            Строка: 79
            
============================
[2022-05-11 12:49:36] 
            Текст ошибки: Страница не найдена | 
            Файл: C:\OpenServer2\domains\new-ishop.loc\vendor\wfm\Router.php| 
            Строка: 79
            
============================
[2022-05-11 12:49:36] 
            Текст ошибки: Страница не найдена | 
            Файл: C:\OpenServer2\domains\new-ishop.loc\vendor\wfm\Router.php| 
            Строка: 79
            
============================
[2022-05-11 12:49:36] 
            Текст ошибки: Страница не найдена | 
            Файл: C:\OpenServer2\domains\new-ishop.loc\vendor\wfm\Router.php| 
            Строка: 79
            
============================
[2022-05-11 12:49:49] 
            Текст ошибки: Страница не найдена | 
            Файл: C:\OpenServer2\domains\new-ishop.loc\vendor\wfm\Router.php| 
            Строка: 79
            
============================
[2022-05-11 12:49:49] 
            Текст ошибки: Страница не найдена | 
            Файл: C:\OpenServer2\domains\new-ishop.loc\vendor\wfm\Router.php| 
            Строка: 79
            
============================
[2022-05-11 12:49:49] 
            Текст ошибки: Страница не найдена | 
            Файл: C:\OpenServer2\domains\new-ishop.loc\vendor\wfm\Router.php| 
            Строка: 79
            
============================
[2022-05-11 12:49:49] 
            Текст ошибки: Страница не найдена | 
            Файл: C:\OpenServer2\domains\new-ishop.loc\vendor\wfm\Router.php| 
            Строка: 79
            
============================
[2022-05-11 12:49:49] 
            Текст ошибки: Страница не найдена | 
            Файл: C:\OpenServer2\domains\new-ishop.loc\vendor\wfm\Router.php| 
            Строка: 79
            
============================
[2022-05-11 12:50:00] 
            Текст ошибки: Страница не найдена | 
            Файл: C:\OpenServer2\domains\new-ishop.loc\vendor\wfm\Router.php| 
            Строка: 79
            
============================
[2022-05-11 12:50:00] 
            Текст ошибки: Страница не найдена | 
            Файл: C:\OpenServer2\domains\new-ishop.loc\vendor\wfm\Router.php| 
            Строка: 79
            
============================
[2022-05-11 12:50:00] 
            Текст ошибки: Страница не найдена | 
            Файл: C:\OpenServer2\domains\new-ishop.loc\vendor\wfm\Router.php| 
            Строка: 79
            
============================
[2022-05-11 12:50:00] 
            Текст ошибки: Страница не найдена | 
            Файл: C:\OpenServer2\domains\new-ishop.loc\vendor\wfm\Router.php| 
            Строка: 79
            
============================
[2022-05-11 12:50:00] 
            Текст ошибки: Страница не найдена | 
            Файл: C:\OpenServer2\domains\new-ishop.loc\vendor\wfm\Router.php| 
            Строка: 79
            
============================
[2022-05-11 12:50:01] 
            Текст ошибки: Страница не найдена | 
            Файл: C:\OpenServer2\domains\new-ishop.loc\vendor\wfm\Router.php| 
            Строка: 79
            
============================
[2022-05-11 12:50:01] 
            Текст ошибки: Страница не найдена | 
            Файл: C:\OpenServer2\domains\new-ishop.loc\vendor\wfm\Router.php| 
            Строка: 79
            
============================
[2022-05-11 12:50:01] 
            Текст ошибки: Страница не найдена | 
            Файл: C:\OpenServer2\domains\new-ishop.loc\vendor\wfm\Router.php| 
            Строка: 79
            
============================
[2022-05-11 12:50:01] 
            Текст ошибки: Страница не найдена | 
            Файл: C:\OpenServer2\domains\new-ishop.loc\vendor\wfm\Router.php| 
            Строка: 79
            
============================
[2022-05-11 12:50:01] 
            Текст ошибки: Страница не найдена | 
            Файл: C:\OpenServer2\domains\new-ishop.loc\vendor\wfm\Router.php| 
            Строка: 79
            
============================
